{"C:\\Users\\lautaro\\Desktop\\VSC\\Curso React + Typescript\\pern\\rest-api-node-ts-server\\src\\router.ts": {"path":"C:\\Users\\lautaro\\Desktop\\VSC\\Curso React + Typescript\\pern\\rest-api-node-ts-server\\src\\router.ts","statementMap":{"0":{"start":{"line":1,"column":0},"end":{"line":1,"column":33}},"1":{"start":{"line":2,"column":0},"end":{"line":2,"column":48}},"2":{"start":{"line":3,"column":0},"end":{"line":3,"column":null}},"3":{"start":{"line":11,"column":0},"end":{"line":11,"column":49}},"4":{"start":{"line":13,"column":15},"end":{"line":13,"column":23}},"5":{"start":{"line":15,"column":0},"end":{"line":31,"column":2}},"6":{"start":{"line":27,"column":23},"end":{"line":27,"column":32}},"7":{"start":{"line":33,"column":0},"end":{"line":33,"column":37}},"8":{"start":{"line":34,"column":0},"end":{"line":39,"column":2}},"9":{"start":{"line":40,"column":0},"end":{"line":58,"column":2}},"10":{"start":{"line":53,"column":23},"end":{"line":53,"column":32}},"11":{"start":{"line":59,"column":0},"end":{"line":64,"column":2}},"12":{"start":{"line":65,"column":0},"end":{"line":70,"column":2}},"13":{"start":{"line":72,"column":0},"end":{"line":72,"column":22}}},"fnMap":{"0":{"name":"(anonymous_0)","decl":{"start":{"line":27,"column":12},"end":{"line":27,"column":13}},"loc":{"start":{"line":27,"column":23},"end":{"line":27,"column":32}}},"1":{"name":"(anonymous_1)","decl":{"start":{"line":53,"column":12},"end":{"line":53,"column":13}},"loc":{"start":{"line":53,"column":23},"end":{"line":53,"column":32}}}},"branchMap":{},"s":{"0":2,"1":2,"2":2,"3":2,"4":2,"5":2,"6":4,"7":2,"8":2,"9":2,"10":10,"11":2,"12":2,"13":2},"f":{"0":4,"1":10},"b":{}}
,"C:\\Users\\lautaro\\Desktop\\VSC\\Curso React + Typescript\\pern\\rest-api-node-ts-server\\src\\server.ts": {"path":"C:\\Users\\lautaro\\Desktop\\VSC\\Curso React + Typescript\\pern\\rest-api-node-ts-server\\src\\server.ts","statementMap":{"0":{"start":{"line":1,"column":0},"end":{"line":1,"column":30}},"1":{"start":{"line":2,"column":0},"end":{"line":2,"column":30}},"2":{"start":{"line":3,"column":0},"end":{"line":3,"column":40}},"3":{"start":{"line":5,"column":0},"end":{"line":5,"column":12}},"4":{"start":{"line":7,"column":15},"end":{"line":7,"column":24}},"5":{"start":{"line":9,"column":0},"end":{"line":9,"column":27}},"6":{"start":{"line":11,"column":0},"end":{"line":11,"column":27}},"7":{"start":{"line":12,"column":0},"end":{"line":14,"column":3}},"8":{"start":{"line":13,"column":2},"end":{"line":13,"column":33}},"9":{"start":{"line":16,"column":0},"end":{"line":16,"column":22}}},"fnMap":{"0":{"name":"(anonymous_1)","decl":{"start":{"line":12,"column":19},"end":{"line":12,"column":20}},"loc":{"start":{"line":12,"column":32},"end":{"line":14,"column":1}}}},"branchMap":{},"s":{"0":2,"1":2,"2":2,"3":2,"4":2,"5":2,"6":2,"7":2,"8":1,"9":2},"f":{"0":1},"b":{}}
,"C:\\Users\\lautaro\\Desktop\\VSC\\Curso React + Typescript\\pern\\rest-api-node-ts-server\\src\\config\\db.ts": {"path":"C:\\Users\\lautaro\\Desktop\\VSC\\Curso React + Typescript\\pern\\rest-api-node-ts-server\\src\\config\\db.ts","statementMap":{"0":{"start":{"line":12,"column":0},"end":{"line":12,"column":7}},"1":{"start":{"line":1,"column":0},"end":{"line":1,"column":28}},"2":{"start":{"line":2,"column":0},"end":{"line":2,"column":28}},"3":{"start":{"line":3,"column":0},"end":{"line":3,"column":49}},"4":{"start":{"line":5,"column":0},"end":{"line":5,"column":16}},"5":{"start":{"line":7,"column":11},"end":{"line":10,"column":2}},"6":{"start":{"line":13,"column":2},"end":{"line":20,"column":3}},"7":{"start":{"line":14,"column":4},"end":{"line":14,"column":28}},"8":{"start":{"line":15,"column":4},"end":{"line":15,"column":14}},"9":{"start":{"line":19,"column":4},"end":{"line":19,"column":71}},"10":{"start":{"line":23,"column":0},"end":{"line":23,"column":18}}},"fnMap":{"0":{"name":"connectDB","decl":{"start":{"line":12,"column":22},"end":{"line":12,"column":31}},"loc":{"start":{"line":12,"column":31},"end":{"line":21,"column":1}}}},"branchMap":{},"s":{"0":2,"1":2,"2":2,"3":2,"4":2,"5":2,"6":1,"7":1,"8":1,"9":0,"10":2},"f":{"0":1},"b":{}}
,"C:\\Users\\lautaro\\Desktop\\VSC\\Curso React + Typescript\\pern\\rest-api-node-ts-server\\src\\handlers\\product.ts": {"path":"C:\\Users\\lautaro\\Desktop\\VSC\\Curso React + Typescript\\pern\\rest-api-node-ts-server\\src\\handlers\\product.ts","statementMap":{"0":{"start":{"line":2,"column":0},"end":{"line":2,"column":46}},"1":{"start":{"line":4,"column":29},"end":{"line":9,"column":1}},"2":{"start":{"line":5,"column":18},"end":{"line":5,"column":39}},"3":{"start":{"line":6,"column":22},"end":{"line":6,"column":42}},"4":{"start":{"line":8,"column":2},"end":{"line":8,"column":46}},"5":{"start":{"line":4,"column":13},"end":{"line":4,"column":29}},"6":{"start":{"line":10,"column":27},"end":{"line":16,"column":1}},"7":{"start":{"line":11,"column":19},"end":{"line":14,"column":4}},"8":{"start":{"line":15,"column":2},"end":{"line":15,"column":31}},"9":{"start":{"line":10,"column":13},"end":{"line":10,"column":27}},"10":{"start":{"line":17,"column":30},"end":{"line":29,"column":1}},"11":{"start":{"line":18,"column":17},"end":{"line":18,"column":27}},"12":{"start":{"line":19,"column":18},"end":{"line":21,"column":4}},"13":{"start":{"line":23,"column":2},"end":{"line":27,"column":3}},"14":{"start":{"line":24,"column":4},"end":{"line":26,"column":7}},"15":{"start":{"line":28,"column":2},"end":{"line":28,"column":30}},"16":{"start":{"line":17,"column":13},"end":{"line":17,"column":30}},"17":{"start":{"line":30,"column":29},"end":{"line":44,"column":1}},"18":{"start":{"line":31,"column":17},"end":{"line":31,"column":27}},"19":{"start":{"line":32,"column":18},"end":{"line":32,"column":44}},"20":{"start":{"line":34,"column":2},"end":{"line":38,"column":3}},"21":{"start":{"line":35,"column":4},"end":{"line":37,"column":7}},"22":{"start":{"line":40,"column":2},"end":{"line":40,"column":33}},"23":{"start":{"line":41,"column":2},"end":{"line":41,"column":23}},"24":{"start":{"line":43,"column":2},"end":{"line":43,"column":30}},"25":{"start":{"line":30,"column":13},"end":{"line":30,"column":29}},"26":{"start":{"line":45,"column":34},"end":{"line":59,"column":1}},"27":{"start":{"line":46,"column":17},"end":{"line":46,"column":27}},"28":{"start":{"line":47,"column":18},"end":{"line":47,"column":44}},"29":{"start":{"line":49,"column":2},"end":{"line":53,"column":3}},"30":{"start":{"line":50,"column":4},"end":{"line":52,"column":7}},"31":{"start":{"line":55,"column":2},"end":{"line":55,"column":58}},"32":{"start":{"line":56,"column":2},"end":{"line":56,"column":23}},"33":{"start":{"line":58,"column":2},"end":{"line":58,"column":30}},"34":{"start":{"line":45,"column":13},"end":{"line":45,"column":34}},"35":{"start":{"line":60,"column":29},"end":{"line":72,"column":1}},"36":{"start":{"line":61,"column":17},"end":{"line":61,"column":27}},"37":{"start":{"line":62,"column":18},"end":{"line":62,"column":44}},"38":{"start":{"line":64,"column":2},"end":{"line":68,"column":3}},"39":{"start":{"line":65,"column":4},"end":{"line":67,"column":7}},"40":{"start":{"line":70,"column":2},"end":{"line":70,"column":26}},"41":{"start":{"line":71,"column":2},"end":{"line":71,"column":43}},"42":{"start":{"line":60,"column":13},"end":{"line":60,"column":29}}},"fnMap":{"0":{"name":"(anonymous_1)","decl":{"start":{"line":4,"column":29},"end":{"line":4,"column":34}},"loc":{"start":{"line":4,"column":67},"end":{"line":9,"column":1}}},"1":{"name":"(anonymous_2)","decl":{"start":{"line":10,"column":27},"end":{"line":10,"column":32}},"loc":{"start":{"line":10,"column":65},"end":{"line":16,"column":1}}},"2":{"name":"(anonymous_3)","decl":{"start":{"line":17,"column":30},"end":{"line":17,"column":35}},"loc":{"start":{"line":17,"column":68},"end":{"line":29,"column":1}}},"3":{"name":"(anonymous_4)","decl":{"start":{"line":30,"column":29},"end":{"line":30,"column":34}},"loc":{"start":{"line":30,"column":67},"end":{"line":44,"column":1}}},"4":{"name":"(anonymous_5)","decl":{"start":{"line":45,"column":34},"end":{"line":45,"column":39}},"loc":{"start":{"line":45,"column":72},"end":{"line":59,"column":1}}},"5":{"name":"(anonymous_6)","decl":{"start":{"line":60,"column":29},"end":{"line":60,"column":34}},"loc":{"start":{"line":60,"column":67},"end":{"line":72,"column":1}}}},"branchMap":{"0":{"loc":{"start":{"line":23,"column":2},"end":{"line":27,"column":3}},"type":"if","locations":[{"start":{"line":23,"column":2},"end":{"line":27,"column":3}}]},"1":{"loc":{"start":{"line":34,"column":2},"end":{"line":38,"column":3}},"type":"if","locations":[{"start":{"line":34,"column":2},"end":{"line":38,"column":3}}]},"2":{"loc":{"start":{"line":49,"column":2},"end":{"line":53,"column":3}},"type":"if","locations":[{"start":{"line":49,"column":2},"end":{"line":53,"column":3}}]},"3":{"loc":{"start":{"line":64,"column":2},"end":{"line":68,"column":3}},"type":"if","locations":[{"start":{"line":64,"column":2},"end":{"line":68,"column":3}}]}},"s":{"0":2,"1":2,"2":1,"3":1,"4":1,"5":2,"6":2,"7":2,"8":2,"9":2,"10":2,"11":2,"12":2,"13":2,"14":1,"15":1,"16":2,"17":2,"18":2,"19":2,"20":2,"21":1,"22":1,"23":1,"24":1,"25":2,"26":2,"27":2,"28":2,"29":2,"30":1,"31":1,"32":1,"33":1,"34":2,"35":2,"36":2,"37":2,"38":2,"39":1,"40":1,"41":1,"42":2},"f":{"0":1,"1":2,"2":2,"3":2,"4":2,"5":2},"b":{"0":[1],"1":[1],"2":[1],"3":[1]}}
,"C:\\Users\\lautaro\\Desktop\\VSC\\Curso React + Typescript\\pern\\rest-api-node-ts-server\\src\\middleware\\index.ts": {"path":"C:\\Users\\lautaro\\Desktop\\VSC\\Curso React + Typescript\\pern\\rest-api-node-ts-server\\src\\middleware\\index.ts","statementMap":{"0":{"start":{"line":2,"column":0},"end":{"line":2,"column":53}},"1":{"start":{"line":4,"column":33},"end":{"line":11,"column":1}},"2":{"start":{"line":5,"column":15},"end":{"line":5,"column":36}},"3":{"start":{"line":7,"column":2},"end":{"line":9,"column":3}},"4":{"start":{"line":8,"column":4},"end":{"line":8,"column":60}},"5":{"start":{"line":10,"column":2},"end":{"line":10,"column":9}},"6":{"start":{"line":4,"column":13},"end":{"line":4,"column":33}}},"fnMap":{"0":{"name":"(anonymous_0)","decl":{"start":{"line":4,"column":33},"end":{"line":4,"column":34}},"loc":{"start":{"line":4,"column":85},"end":{"line":11,"column":1}}}},"branchMap":{"0":{"loc":{"start":{"line":7,"column":2},"end":{"line":9,"column":3}},"type":"if","locations":[{"start":{"line":7,"column":2},"end":{"line":9,"column":3}}]}},"s":{"0":2,"1":2,"2":23,"3":23,"4":14,"5":9,"6":2},"f":{"0":23},"b":{"0":[14]}}
,"C:\\Users\\lautaro\\Desktop\\VSC\\Curso React + Typescript\\pern\\rest-api-node-ts-server\\src\\models\\Product.model.ts": {"path":"C:\\Users\\lautaro\\Desktop\\VSC\\Curso React + Typescript\\pern\\rest-api-node-ts-server\\src\\models\\Product.model.ts","statementMap":{"0":{"start":{"line":1,"column":0},"end":{"line":1,"column":79}},"1":{"start":{"line":6,"column":0},"end":{"line":22,"column":null}},"2":{"start":{"line":10,"column":10},"end":{"line":10,"column":null}},"3":{"start":{"line":15,"column":10},"end":{"line":15,"column":null}},"4":{"start":{"line":21,"column":10},"end":{"line":21,"column":null}},"5":{"start":{"line":6,"column":6},"end":{"line":22,"column":null}},"6":{"start":{"line":24,"column":0},"end":{"line":24,"column":23}}},"fnMap":{},"branchMap":{},"s":{"0":3,"1":3,"2":3,"3":3,"4":3,"5":3,"6":3},"f":{},"b":{}}
}
