TN:
SF:src\router.ts
FN:27,(anonymous_0)
FN:53,(anonymous_1)
FNF:2
FNH:2
FNDA:4,(anonymous_0)
FNDA:10,(anonymous_1)
DA:1,2
DA:2,2
DA:3,2
DA:11,2
DA:13,2
DA:15,2
DA:27,4
DA:33,2
DA:34,2
DA:40,2
DA:53,10
DA:59,2
DA:65,2
DA:72,2
LF:14
LH:14
BRF:0
BRH:0
end_of_record
TN:
SF:src\server.ts
FN:12,(anonymous_1)
FNF:1
FNH:1
FNDA:1,(anonymous_1)
DA:1,2
DA:2,2
DA:3,2
DA:5,2
DA:7,2
DA:9,2
DA:11,2
DA:12,2
DA:13,1
DA:16,2
LF:10
LH:10
BRF:0
BRH:0
end_of_record
TN:
SF:src\config\db.ts
FN:12,connectDB
FNF:1
FNH:1
FNDA:1,connectDB
DA:1,2
DA:2,2
DA:3,2
DA:5,2
DA:7,2
DA:12,2
DA:13,1
DA:14,1
DA:15,1
DA:19,0
DA:23,2
LF:11
LH:10
BRF:0
BRH:0
end_of_record
TN:
SF:src\handlers\product.ts
FN:4,(anonymous_1)
FN:10,(anonymous_2)
FN:17,(anonymous_3)
FN:30,(anonymous_4)
FN:45,(anonymous_5)
FN:60,(anonymous_6)
FNF:6
FNH:6
FNDA:1,(anonymous_1)
FNDA:2,(anonymous_2)
FNDA:2,(anonymous_3)
FNDA:2,(anonymous_4)
FNDA:2,(anonymous_5)
FNDA:2,(anonymous_6)
DA:2,2
DA:4,2
DA:5,1
DA:6,1
DA:8,1
DA:10,2
DA:11,2
DA:15,2
DA:17,2
DA:18,2
DA:19,2
DA:23,2
DA:24,1
DA:28,1
DA:30,2
DA:31,2
DA:32,2
DA:34,2
DA:35,1
DA:40,1
DA:41,1
DA:43,1
DA:45,2
DA:46,2
DA:47,2
DA:49,2
DA:50,1
DA:55,1
DA:56,1
DA:58,1
DA:60,2
DA:61,2
DA:62,2
DA:64,2
DA:65,1
DA:70,1
DA:71,1
LF:37
LH:37
BRDA:23,0,0,1
BRDA:34,1,0,1
BRDA:49,2,0,1
BRDA:64,3,0,1
BRF:4
BRH:4
end_of_record
TN:
SF:src\middleware\index.ts
FN:4,(anonymous_0)
FNF:1
FNH:1
FNDA:23,(anonymous_0)
DA:2,2
DA:4,2
DA:5,23
DA:7,23
DA:8,14
DA:10,9
LF:6
LH:6
BRDA:7,0,0,14
BRF:1
BRH:1
end_of_record
TN:
SF:src\models\Product.model.ts
FNF:0
FNH:0
DA:1,3
DA:6,3
DA:10,3
DA:15,3
DA:21,3
DA:24,3
LF:6
LH:6
BRF:0
BRH:0
end_of_record
